

Microchip MPLAB XC8 Assembler V2.31 build 20201012212115 
                                                                                               Thu Feb 04 23:55:41 2021

Microchip MPLAB XC8 C Compiler v2.31 (Free license) build 20201012212115 Og1 
     1                           	processor	16F887
     2                           	pagewidth 120
     3                           	opt	flic
     4                           	psect	cinit,global,class=CODE,merge=1,delta=2
     5                           	psect	cstackCOMMON,global,class=COMMON,space=1,delta=1,noexec
     6                           	psect	maintext,global,class=CODE,split=1,delta=2
     7                           	psect	text1,local,class=CODE,merge=1,delta=2
     8                           	psect	text2,local,class=CODE,merge=1,delta=2
     9                           	psect	intentry,global,class=CODE,delta=2
    10                           	psect	config,global,abs,ovrld,class=CONFIG,space=4,delta=2,noexec
    11                           	dabs	1,0x7E,2
    12  0000                     
    13                           ; Version 2.20
    14                           ; Generated 12/02/2020 GMT
    15                           ; 
    16                           ; Copyright © 2020, Microchip Technology Inc. and its subsidiaries ("Microchip")
    17                           ; All rights reserved.
    18                           ; 
    19                           ; This software is developed by Microchip Technology Inc. and its subsidiaries ("Microch
      +                          ip").
    20                           ; 
    21                           ; Redistribution and use in source and binary forms, with or without modification, are
    22                           ; permitted provided that the following conditions are met:
    23                           ; 
    24                           ;     1. Redistributions of source code must retain the above copyright notice, this lis
      +                          t of
    25                           ;        conditions and the following disclaimer.
    26                           ; 
    27                           ;     2. Redistributions in binary form must reproduce the above copyright notice, this 
      +                          list
    28                           ;        of conditions and the following disclaimer in the documentation and/or other
    29                           ;        materials provided with the distribution.
    30                           ; 
    31                           ;     3. Microchip's name may not be used to endorse or promote products derived from th
      +                          is
    32                           ;        software without specific prior written permission.
    33                           ; 
    34                           ; THIS SOFTWARE IS PROVIDED BY MICROCHIP "AS IS" AND ANY EXPRESS OR IMPLIED WARRANTIES,
    35                           ; INCLUDING, BUT NOT LIMITED TO, THE IMPLIED WARRANTIES OF MERCHANTABILITY AND FITNESS F
      +                          OR
    36                           ; PURPOSE ARE DISCLAIMED.  IN NO EVENT SHALL MICROCHIP BE LIABLE FOR ANY DIRECT, INDIREC
      +                          T,
    37                           ; INCIDENTAL, SPECIAL, EXEMPLARY, OR CONSEQUENTIAL DAMAGES (INCLUDING BUT NOT LIMITED TO
    38                           ; PROCUREMENT OF SUBSTITUTE GOODS OR SERVICES; LOSS OF USE, DATA OR PROFITS; OR BUSINESS
    39                           ; INTERRUPTION) HOWSOEVER CAUSED AND ON ANY THEORY OF LIABILITY, WHETHER IN CONTRACT, ST
      +                          RICT
    40                           ; LIABILITY, OR TORT (INCLUDING NEGLIGENCE OR OTHERWISE) ARISING IN ANY WAY OUT OF THE U
      +                          SE OF
    41                           ; THIS SOFTWARE, EVEN IF ADVISED OF THE POSSIBILITY OF SUCH DAMAGE.
    42                           ; 
    43                           ; 
    44                           ; Code-generator required, PIC16F887 Definitions
    45                           ; 
    46                           ; SFR Addresses
    47  0000                     	;# 
    48  0001                     	;# 
    49  0002                     	;# 
    50  0003                     	;# 
    51  0004                     	;# 
    52  0005                     	;# 
    53  0006                     	;# 
    54  0007                     	;# 
    55  0008                     	;# 
    56  0009                     	;# 
    57  000A                     	;# 
    58  000B                     	;# 
    59  000C                     	;# 
    60  000D                     	;# 
    61  000E                     	;# 
    62  000E                     	;# 
    63  000F                     	;# 
    64  0010                     	;# 
    65  0011                     	;# 
    66  0012                     	;# 
    67  0013                     	;# 
    68  0014                     	;# 
    69  0015                     	;# 
    70  0015                     	;# 
    71  0016                     	;# 
    72  0017                     	;# 
    73  0018                     	;# 
    74  0019                     	;# 
    75  001A                     	;# 
    76  001B                     	;# 
    77  001B                     	;# 
    78  001C                     	;# 
    79  001D                     	;# 
    80  001E                     	;# 
    81  001F                     	;# 
    82  0081                     	;# 
    83  0085                     	;# 
    84  0086                     	;# 
    85  0087                     	;# 
    86  0088                     	;# 
    87  0089                     	;# 
    88  008C                     	;# 
    89  008D                     	;# 
    90  008E                     	;# 
    91  008F                     	;# 
    92  0090                     	;# 
    93  0091                     	;# 
    94  0092                     	;# 
    95  0093                     	;# 
    96  0093                     	;# 
    97  0093                     	;# 
    98  0094                     	;# 
    99  0095                     	;# 
   100  0096                     	;# 
   101  0097                     	;# 
   102  0098                     	;# 
   103  0099                     	;# 
   104  009A                     	;# 
   105  009B                     	;# 
   106  009C                     	;# 
   107  009D                     	;# 
   108  009E                     	;# 
   109  009F                     	;# 
   110  0105                     	;# 
   111  0107                     	;# 
   112  0108                     	;# 
   113  0109                     	;# 
   114  010C                     	;# 
   115  010C                     	;# 
   116  010D                     	;# 
   117  010E                     	;# 
   118  010F                     	;# 
   119  0185                     	;# 
   120  0187                     	;# 
   121  0188                     	;# 
   122  0189                     	;# 
   123  018C                     	;# 
   124  018D                     	;# 
   125  0000                     	;# 
   126  0001                     	;# 
   127  0002                     	;# 
   128  0003                     	;# 
   129  0004                     	;# 
   130  0005                     	;# 
   131  0006                     	;# 
   132  0007                     	;# 
   133  0008                     	;# 
   134  0009                     	;# 
   135  000A                     	;# 
   136  000B                     	;# 
   137  000C                     	;# 
   138  000D                     	;# 
   139  000E                     	;# 
   140  000E                     	;# 
   141  000F                     	;# 
   142  0010                     	;# 
   143  0011                     	;# 
   144  0012                     	;# 
   145  0013                     	;# 
   146  0014                     	;# 
   147  0015                     	;# 
   148  0015                     	;# 
   149  0016                     	;# 
   150  0017                     	;# 
   151  0018                     	;# 
   152  0019                     	;# 
   153  001A                     	;# 
   154  001B                     	;# 
   155  001B                     	;# 
   156  001C                     	;# 
   157  001D                     	;# 
   158  001E                     	;# 
   159  001F                     	;# 
   160  0081                     	;# 
   161  0085                     	;# 
   162  0086                     	;# 
   163  0087                     	;# 
   164  0088                     	;# 
   165  0089                     	;# 
   166  008C                     	;# 
   167  008D                     	;# 
   168  008E                     	;# 
   169  008F                     	;# 
   170  0090                     	;# 
   171  0091                     	;# 
   172  0092                     	;# 
   173  0093                     	;# 
   174  0093                     	;# 
   175  0093                     	;# 
   176  0094                     	;# 
   177  0095                     	;# 
   178  0096                     	;# 
   179  0097                     	;# 
   180  0098                     	;# 
   181  0099                     	;# 
   182  009A                     	;# 
   183  009B                     	;# 
   184  009C                     	;# 
   185  009D                     	;# 
   186  009E                     	;# 
   187  009F                     	;# 
   188  0105                     	;# 
   189  0107                     	;# 
   190  0108                     	;# 
   191  0109                     	;# 
   192  010C                     	;# 
   193  010C                     	;# 
   194  010D                     	;# 
   195  010E                     	;# 
   196  010F                     	;# 
   197  0185                     	;# 
   198  0187                     	;# 
   199  0188                     	;# 
   200  0189                     	;# 
   201  018C                     	;# 
   202  018D                     	;# 
   203  0006                     _PORTBbits	set	6
   204  000B                     _INTCONbits	set	11
   205  0005                     _PORTAbits	set	5
   206  0007                     _PORTC	set	7
   207  0008                     _PORTD	set	8
   208  0096                     _IOCBbits	set	150
   209  0085                     _TRISAbits	set	133
   210  0086                     _TRISBbits	set	134
   211  0087                     _TRISC	set	135
   212  0088                     _TRISD	set	136
   213  0189                     _ANSELH	set	393
   214  0188                     _ANSEL	set	392
   215                           
   216                           	psect	cinit
   217  000F                     start_initialization:	
   218                           ; #config settings
   219                           
   220  000F                     __initialization:
   221  000F                     end_of_initialization:	
   222                           ;End of C runtime variable initialization code
   223                           
   224  000F                     __end_of__initialization:
   225  000F  0183               	clrf	3
   226  0010  120A  118A  284F   	ljmp	_main	;jump to C main() function
   227                           
   228                           	psect	cstackCOMMON
   229  0070                     __pcstackCOMMON:
   230  0070                     ?_setup:
   231  0070                     ?_main:	
   232                           ; 1 bytes @ 0x0
   233                           
   234  0070                     ?_oli:	
   235                           ; 1 bytes @ 0x0
   236                           
   237  0070                     ??_oli:	
   238                           ; 1 bytes @ 0x0
   239                           
   240                           
   241                           ; 1 bytes @ 0x0
   242  0070                     	ds	3
   243  0073                     ??_setup:
   244  0073                     ??_main:	
   245                           ; 1 bytes @ 0x3
   246                           
   247                           
   248                           	psect	maintext
   249  004F                     __pmaintext:	
   250                           ; 1 bytes @ 0x3
   251 ;;
   252 ;;Main: autosize = 0, tempsize = 0, incstack = 0, save=0
   253 ;;
   254 ;; *************** function _main *****************
   255 ;; Defined at:
   256 ;;		line 43 in file "Interrupciones.c"
   257 ;; Parameters:    Size  Location     Type
   258 ;;		None
   259 ;; Auto vars:     Size  Location     Type
   260 ;;		None
   261 ;; Return value:  Size  Location     Type
   262 ;;                  1    wreg      void 
   263 ;; Registers used:
   264 ;;		wreg, status,2, status,0, pclath, cstack
   265 ;; Tracked objects:
   266 ;;		On entry : B00/0
   267 ;;		On exit  : 0/0
   268 ;;		Unchanged: 0/0
   269 ;; Data sizes:     COMMON   BANK0   BANK1   BANK3   BANK2
   270 ;;      Params:         0       0       0       0       0
   271 ;;      Locals:         0       0       0       0       0
   272 ;;      Temps:          0       0       0       0       0
   273 ;;      Totals:         0       0       0       0       0
   274 ;;Total ram usage:        0 bytes
   275 ;; Hardware stack levels required when called:    2
   276 ;; This function calls:
   277 ;;		_setup
   278 ;; This function is called by:
   279 ;;		Startup code after reset
   280 ;; This function uses a non-reentrant model
   281 ;;
   282                           
   283                           
   284                           ;psect for function _main
   285  004F                     _main:
   286  004F                     l672:	
   287                           ;incstack = 0
   288                           ; Regs used in _main: [wreg+status,2+status,0+pclath+cstack]
   289                           
   290                           
   291                           ;Interrupciones.c: 44:     setup();
   292  004F  120A  118A  2013  120A  118A  	fcall	_setup
   293  0054                     l31:	
   294                           ;Interrupciones.c: 46:     while (1) {
   295                           
   296  0054                     l32:	
   297                           ;Interrupciones.c: 48:     }
   298                           
   299  0054  2854               	goto	l31
   300  0055  120A  118A  280C   	ljmp	start
   301  0058                     __end_of_main:
   302                           
   303                           	psect	text1
   304  0013                     __ptext1:	
   305 ;; *************** function _setup *****************
   306 ;; Defined at:
   307 ;;		line 56 in file "Interrupciones.c"
   308 ;; Parameters:    Size  Location     Type
   309 ;;		None
   310 ;; Auto vars:     Size  Location     Type
   311 ;;		None
   312 ;; Return value:  Size  Location     Type
   313 ;;                  1    wreg      void 
   314 ;; Registers used:
   315 ;;		wreg, status,2
   316 ;; Tracked objects:
   317 ;;		On entry : 0/0
   318 ;;		On exit  : 0/0
   319 ;;		Unchanged: 0/0
   320 ;; Data sizes:     COMMON   BANK0   BANK1   BANK3   BANK2
   321 ;;      Params:         0       0       0       0       0
   322 ;;      Locals:         0       0       0       0       0
   323 ;;      Temps:          0       0       0       0       0
   324 ;;      Totals:         0       0       0       0       0
   325 ;;Total ram usage:        0 bytes
   326 ;; Hardware stack levels used:    1
   327 ;; Hardware stack levels required when called:    1
   328 ;; This function calls:
   329 ;;		Nothing
   330 ;; This function is called by:
   331 ;;		_main
   332 ;; This function uses a non-reentrant model
   333 ;;
   334                           
   335                           
   336                           ;psect for function _setup
   337  0013                     _setup:
   338  0013                     l638:	
   339                           ;incstack = 0
   340                           ; Regs used in _setup: [wreg+status,2]
   341                           
   342                           
   343                           ;Interrupciones.c: 57:     ANSEL = 0;
   344  0013  1683               	bsf	3,5	;RP0=1, select bank3
   345  0014  1703               	bsf	3,6	;RP1=1, select bank3
   346  0015  0188               	clrf	8	;volatile
   347                           
   348                           ;Interrupciones.c: 58:     ANSELH = 0;
   349  0016  0189               	clrf	9	;volatile
   350                           
   351                           ;Interrupciones.c: 59:     TRISD = 0;
   352  0017  1683               	bsf	3,5	;RP0=1, select bank1
   353  0018  1303               	bcf	3,6	;RP1=0, select bank1
   354  0019  0188               	clrf	8	;volatile
   355                           
   356                           ;Interrupciones.c: 60:     TRISC = 0;
   357  001A  0187               	clrf	7	;volatile
   358  001B                     l640:
   359                           
   360                           ;Interrupciones.c: 61:     TRISBbits.TRISB0 = 1;
   361  001B  1406               	bsf	6,0	;volatile
   362  001C                     l642:
   363                           
   364                           ;Interrupciones.c: 62:     TRISBbits.TRISB1 = 1;
   365  001C  1486               	bsf	6,1	;volatile
   366  001D                     l644:
   367                           
   368                           ;Interrupciones.c: 63:     TRISAbits.TRISA0 = 0;
   369  001D  1005               	bcf	5,0	;volatile
   370  001E                     l646:
   371                           
   372                           ;Interrupciones.c: 64:     TRISAbits.TRISA1 = 0;
   373  001E  1085               	bcf	5,1	;volatile
   374  001F                     l648:
   375                           
   376                           ;Interrupciones.c: 65:     TRISAbits.TRISA2 = 1;
   377  001F  1505               	bsf	5,2	;volatile
   378  0020                     l650:
   379                           
   380                           ;Interrupciones.c: 66:     TRISAbits.TRISA3 = 0;
   381  0020  1185               	bcf	5,3	;volatile
   382                           
   383                           ;Interrupciones.c: 67:     PORTD = 0;
   384  0021  1283               	bcf	3,5	;RP0=0, select bank0
   385  0022  1303               	bcf	3,6	;RP1=0, select bank0
   386  0023  0188               	clrf	8	;volatile
   387  0024                     l652:
   388                           
   389                           ;Interrupciones.c: 68:     PORTC = 0b11111000;
   390  0024  30F8               	movlw	248
   391  0025  0087               	movwf	7	;volatile
   392  0026                     l654:
   393                           
   394                           ;Interrupciones.c: 69:     PORTAbits.RA0 = 0;
   395  0026  1005               	bcf	5,0	;volatile
   396  0027                     l656:
   397                           
   398                           ;Interrupciones.c: 70:     PORTAbits.RA1 = 0;
   399  0027  1085               	bcf	5,1	;volatile
   400  0028                     l658:
   401                           
   402                           ;Interrupciones.c: 71:     PORTAbits.RA3 = 0;
   403  0028  1185               	bcf	5,3	;volatile
   404  0029                     l660:
   405                           
   406                           ;Interrupciones.c: 72:     INTCONbits.GIE = 1;
   407  0029  178B               	bsf	11,7	;volatile
   408  002A                     l662:
   409                           
   410                           ;Interrupciones.c: 73:     INTCONbits.PEIE = 1;
   411  002A  170B               	bsf	11,6	;volatile
   412  002B                     l664:
   413                           
   414                           ;Interrupciones.c: 74:     INTCONbits.RBIE = 1;
   415  002B  158B               	bsf	11,3	;volatile
   416  002C                     l666:
   417                           
   418                           ;Interrupciones.c: 75:     INTCONbits.RBIF = 0;
   419  002C  100B               	bcf	11,0	;volatile
   420  002D                     l668:
   421                           
   422                           ;Interrupciones.c: 76:     IOCBbits.IOCB0 = 1;
   423  002D  1683               	bsf	3,5	;RP0=1, select bank1
   424  002E  1303               	bcf	3,6	;RP1=0, select bank1
   425  002F  1416               	bsf	22,0	;volatile
   426  0030                     l670:
   427                           
   428                           ;Interrupciones.c: 77:     IOCBbits.IOCB1 = 1;
   429  0030  1496               	bsf	22,1	;volatile
   430  0031                     l37:
   431  0031  0008               	return
   432  0032                     __end_of_setup:
   433                           
   434                           	psect	text2
   435  0032                     __ptext2:	
   436 ;; *************** function _oli *****************
   437 ;; Defined at:
   438 ;;		line 80 in file "Interrupciones.c"
   439 ;; Parameters:    Size  Location     Type
   440 ;;		None
   441 ;; Auto vars:     Size  Location     Type
   442 ;;		None
   443 ;; Return value:  Size  Location     Type
   444 ;;                  1    wreg      void 
   445 ;; Registers used:
   446 ;;		wreg, status,2, status,0
   447 ;; Tracked objects:
   448 ;;		On entry : 0/0
   449 ;;		On exit  : 0/0
   450 ;;		Unchanged: 0/0
   451 ;; Data sizes:     COMMON   BANK0   BANK1   BANK3   BANK2
   452 ;;      Params:         0       0       0       0       0
   453 ;;      Locals:         0       0       0       0       0
   454 ;;      Temps:          3       0       0       0       0
   455 ;;      Totals:         3       0       0       0       0
   456 ;;Total ram usage:        3 bytes
   457 ;; Hardware stack levels used:    1
   458 ;; This function calls:
   459 ;;		Nothing
   460 ;; This function is called by:
   461 ;;		Interrupt level 1
   462 ;; This function uses a non-reentrant model
   463 ;;
   464                           
   465                           
   466                           ;psect for function _oli
   467  0032                     _oli:
   468  0032                     i1l674:
   469                           
   470                           ;Interrupciones.c: 81:     if (INTCONbits.RBIF == 1) {
   471  0032  1C0B               	btfss	11,0	;volatile
   472  0033  2835               	goto	u1_21
   473  0034  2836               	goto	u1_20
   474  0035                     u1_21:
   475  0035  2848               	goto	i1l46
   476  0036                     u1_20:
   477  0036                     i1l676:
   478                           
   479                           ;Interrupciones.c: 82:         if (PORTBbits.RB0==1){
   480  0036  1283               	bcf	3,5	;RP0=0, select bank0
   481  0037  1303               	bcf	3,6	;RP1=0, select bank0
   482  0038  1C06               	btfss	6,0	;volatile
   483  0039  283B               	goto	u2_21
   484  003A  283C               	goto	u2_20
   485  003B                     u2_21:
   486  003B  2841               	goto	i1l43
   487  003C                     u2_20:
   488  003C                     i1l678:
   489                           
   490                           ;Interrupciones.c: 83:             PORTC++;
   491  003C  3001               	movlw	1
   492  003D  00F0               	movwf	??_oli
   493  003E  0870               	movf	??_oli,w
   494  003F  0787               	addwf	7,f	;volatile
   495                           
   496                           ;Interrupciones.c: 84:         }
   497  0040  2847               	goto	i1l682
   498  0041                     i1l43:	
   499                           ;Interrupciones.c: 85:         else if (PORTBbits.RB1==1){
   500                           
   501  0041  1C86               	btfss	6,1	;volatile
   502  0042  2844               	goto	u3_21
   503  0043  2845               	goto	u3_20
   504  0044                     u3_21:
   505  0044  2847               	goto	i1l682
   506  0045                     u3_20:
   507  0045                     i1l680:
   508                           
   509                           ;Interrupciones.c: 86:             PORTC--;
   510  0045  3001               	movlw	1
   511  0046  0287               	subwf	7,f	;volatile
   512  0047                     i1l682:
   513                           
   514                           ;Interrupciones.c: 88:         INTCONbits.RBIF = 0;
   515  0047  100B               	bcf	11,0	;volatile
   516  0048                     i1l46:
   517  0048  0872               	movf	??_oli+2,w
   518  0049  008A               	movwf	10
   519  004A  0E71               	swapf	??_oli+1,w
   520  004B  0083               	movwf	3
   521  004C  0EFE               	swapf	btemp,f
   522  004D  0E7E               	swapf	btemp,w
   523  004E  0009               	retfie
   524  004F                     __end_of_oli:
   525  007E                     btemp	set	126	;btemp
   526  007E                     wtemp0	set	126
   527                           
   528                           	psect	intentry
   529  0004                     __pintentry:	
   530                           ;incstack = 0
   531                           ; Regs used in _oli: [wreg+status,2+status,0]
   532                           
   533  0004                     interrupt_function:
   534  007E                     saved_w	set	btemp
   535  0004  00FE               	movwf	btemp
   536  0005  0E03               	swapf	3,w
   537  0006  00F1               	movwf	??_oli+1
   538  0007  080A               	movf	10,w
   539  0008  00F2               	movwf	??_oli+2
   540  0009  120A  118A  2832   	ljmp	_oli
   541                           
   542                           	psect	config
   543                           
   544                           ;Config register CONFIG1 @ 0x2007
   545                           ;	Oscillator Selection bits
   546                           ;	FOSC = XT, XT oscillator: Crystal/resonator on RA6/OSC2/CLKOUT and RA7/OSC1/CLKIN
   547                           ;	Watchdog Timer Enable bit
   548                           ;	WDTE = OFF, WDT disabled and can be enabled by SWDTEN bit of the WDTCON register
   549                           ;	Power-up Timer Enable bit
   550                           ;	PWRTE = OFF, PWRT disabled
   551                           ;	RE3/MCLR pin function select bit
   552                           ;	MCLRE = ON, RE3/MCLR pin function is MCLR
   553                           ;	Code Protection bit
   554                           ;	CP = OFF, Program memory code protection is disabled
   555                           ;	Data Code Protection bit
   556                           ;	CPD = OFF, Data memory code protection is disabled
   557                           ;	Brown Out Reset Selection bits
   558                           ;	BOREN = OFF, BOR disabled
   559                           ;	Internal External Switchover bit
   560                           ;	IESO = OFF, Internal/External Switchover mode is disabled
   561                           ;	Fail-Safe Clock Monitor Enabled bit
   562                           ;	FCMEN = OFF, Fail-Safe Clock Monitor is disabled
   563                           ;	Low Voltage Programming Enable bit
   564                           ;	LVP = OFF, RB3 pin has digital I/O, HV on MCLR must be used for programming
   565                           ;	In-Circuit Debugger Mode bit
   566                           ;	DEBUG = 0x1, unprogrammed default
   567  2007                     	org	8199
   568  2007  20F1               	dw	8433
   569                           
   570                           ;Config register CONFIG2 @ 0x2008
   571                           ;	Brown-out Reset Selection bit
   572                           ;	BOR4V = BOR40V, Brown-out Reset set to 4.0V
   573                           ;	Flash Program Memory Self Write Enable bits
   574                           ;	WRT = OFF, Write protection off
   575  2008                     	org	8200
   576  2008  3FFF               	dw	16383

Data Sizes:
    Strings     0
    Constant    0
    Data        0
    BSS         0
    Persistent  0
    Stack       0

Auto Spaces:
    Space          Size  Autos    Used
    COMMON           14      3       3
    BANK0            80      0       0
    BANK1            80      0       0
    BANK3            96      0       0
    BANK2            96      0       0

Pointer List with Targets:

    None.

Critical Paths under _main in COMMON

    None.

Critical Paths under _oli in COMMON

    None.

Critical Paths under _main in BANK0

    None.

Critical Paths under _oli in BANK0

    None.

Critical Paths under _main in BANK1

    None.

Critical Paths under _oli in BANK1

    None.

Critical Paths under _main in BANK3

    None.

Critical Paths under _oli in BANK3

    None.

Critical Paths under _main in BANK2

    None.

Critical Paths under _oli in BANK2

    None.

Call Graph Tables:

 ---------------------------------------------------------------------------------
 (Depth) Function   	        Calls       Base Space   Used Autos Params    Refs
 ---------------------------------------------------------------------------------
 (0) _main                                                 0     0      0       0
                              _setup
 ---------------------------------------------------------------------------------
 (1) _setup                                                0     0      0       0
 ---------------------------------------------------------------------------------
 Estimated maximum stack depth 1
 ---------------------------------------------------------------------------------
 (Depth) Function   	        Calls       Base Space   Used Autos Params    Refs
 ---------------------------------------------------------------------------------
 (2) _oli                                                  3     3      0       0
                                              0 COMMON     3     3      0
 ---------------------------------------------------------------------------------
 Estimated maximum stack depth 2
 ---------------------------------------------------------------------------------

 Call Graph Graphs:

 _main (ROOT)
   _setup

 _oli (ROOT)

 Address spaces:
Name               Size   Autos  Total    Cost      Usage
BITCOMMON            E      0       0       0        0.0%
EEDATA             100      0       0       0        0.0%
NULL                 0      0       0       0        0.0%
CODE                 0      0       0       0        0.0%
COMMON               E      3       3       1       21.4%
BITSFR0              0      0       0       1        0.0%
SFR0                 0      0       0       1        0.0%
BITSFR1              0      0       0       2        0.0%
SFR1                 0      0       0       2        0.0%
STACK                0      0       0       2        0.0%
ABS                  0      0       0       3        0.0%
BITBANK0            50      0       0       4        0.0%
BITSFR3              0      0       0       4        0.0%
SFR3                 0      0       0       4        0.0%
BANK0               50      0       0       5        0.0%
BITSFR2              0      0       0       5        0.0%
SFR2                 0      0       0       5        0.0%
BITBANK1            50      0       0       6        0.0%
BANK1               50      0       0       7        0.0%
BITBANK3            60      0       0       8        0.0%
BANK3               60      0       0       9        0.0%
BITBANK2            60      0       0      10        0.0%
BANK2               60      0       0      11        0.0%
DATA                 0      0       0      12        0.0%


Microchip Technology PIC Macro Assembler V2.31 build 20201012212115 
Symbol Table                                                                                   Thu Feb 04 23:55:41 2021

                     l31 0054                       l32 0054                       l37 0031  
                    l640 001B                      l650 0020                      l642 001C  
                    l660 0029                      l652 0024                      l644 001D  
                    l670 0030                      l662 002A                      l654 0026  
                    l646 001E                      l638 0013                      l664 002B  
                    l656 0027                      l648 001F                      l672 004F  
                    l666 002C                      l658 0028                      l668 002D  
                    _oli 0032                     ?_oli 0070                     i1l43 0041  
                   i1l46 0048                     u1_20 0036                     u1_21 0035  
                   u2_20 003C                     u2_21 003B                     u3_20 0045  
                   u3_21 0044                     _main 004F                     btemp 007E  
                   start 000C                    ??_oli 0070                    ?_main 0070  
                  _ANSEL 0188                    i1l680 0045                    i1l682 0047  
                  i1l674 0032                    i1l676 0036                    i1l678 003C  
                  _PORTC 0007                    _PORTD 0008                    _TRISC 0087  
                  _TRISD 0088                    _setup 0013                    pclath 000A  
                  status 0003                    wtemp0 007E          __initialization 000F  
           __end_of_main 0058                   ??_main 0073                   ?_setup 0070  
                 _ANSELH 0189                   saved_w 007E  __end_of__initialization 000F  
         __pcstackCOMMON 0070            __end_of_setup 0032                  ??_setup 0073  
             __pmaintext 004F               __pintentry 0004                  __ptext1 0013  
                __ptext2 0032             __size_of_oli 001D     end_of_initialization 000F  
              _PORTAbits 0005                _PORTBbits 0006                _TRISAbits 0085  
              _TRISBbits 0086      start_initialization 000F              __end_of_oli 004F  
              ___latbits 0002           __size_of_setup 001F        interrupt_function 0004  
               _IOCBbits 0096            __size_of_main 0009               _INTCONbits 000B  
               intlevel1 0000  
